android/app/build/outputs/logs/manifest-merger-release-report.txt
-- Merging decision tree log ---
meta-data#JPUSH_CHANNEL
INJECTED from src\main\AndroidManifest.xml:34:5-80
	android:value
		INJECTED from src\main\AndroidManifest.xml
		ADDED from src\main\AndroidManifest.xml:34:45-77
	android:name
		ADDED from src\main\AndroidManifest.xml:34:16-44
meta-data#JPUSH_APPKEY
INJECTED from src\main\AndroidManifest.xml:35:5-78
	android:value
		INJECTED from src\main\AndroidManifest.xml
		ADDED from src\main\AndroidManifest.xml:35:44-75
	android:name
		ADDED from src\main\AndroidManifest.xml:35:16-43
manifest
ADDED from src\main\AndroidManifest.xml:1:1-75:12
INJECTED from src\main\AndroidManifest.xml:1:1-75:12
INJECTED from src\main\AndroidManifest.xml:1:1-75:12
INJECTED from src\main\AndroidManifest.xml:1:1-75:12
MERGED from [:jpush-react-native] AndroidManifest.xml:2:1-88:12
MERGED from [:jcore-react-native] AndroidManifest.xml:2:1-60:12
MERGED from [:react-native-maps] AndroidManifest.xml:2:1-12:12
MERGED from [com.facebook.react:react-native:0.59.5] AndroidManifest.xml:2:1-13:12
MERGED from [com.android.support:appcompat-v7:28.0.0] AndroidManifest.xml:17:1-22:12
MERGED from [com.google.android.gms:play-services-maps:10.2.4] AndroidManifest.xml:16:1-25:12
MERGED from [com.google.android.gms:play-services-base:10.2.4] AndroidManifest.xml:16:1-21:12
MERGED from [com.google.android.gms:play-services-tasks:10.2.4] AndroidManifest.xml:2:1-5:12
MERGED from [com.google.android.gms:play-services-basement:10.2.4] AndroidManifest.xml:16:1-23:12
MERGED from [com.android.support:support-v4:28.0.0] AndroidManifest.xml:17:1-22:12
MERGED from [com.android.support:support-fragment:28.0.0] AndroidManifest.xml:17:1-22:12
MERGED from [com.android.support:animated-vector-drawable:28.0.0] AndroidManifest.xml:17:1-22:12
MERGED from [com.android.support:support-core-ui:28.0.0] AndroidManifest.xml:17:1-22:12
MERGED from [com.android.support:support-core-utils:28.0.0] AndroidManifest.xml:17:1-22:12
MERGED from [com.android.support:support-vector-drawable:28.0.0] AndroidManifest.xml:17:1-22:12
MERGED from [com.android.support:support-media-compat:28.0.0] AndroidManifest.xml:17:1-22:12
MERGED from [com.android.support:loader:28.0.0] AndroidManifest.xml:17:1-22:12
MERGED from [com.android.support:viewpager:28.0.0] AndroidManifest.xml:17:1-22:12
MERGED from [com.android.support:coordinatorlayout:28.0.0] AndroidManifest.xml:17:1-22:12
MERGED from [com.android.support:drawerlayout:28.0.0] AndroidManifest.xml:17:1-22:12
MERGED from [com.android.support:slidingpanelayout:28.0.0] AndroidManifest.xml:17:1-22:12
MERGED from [com.android.support:customview:28.0.0] AndroidManifest.xml:17:1-22:12
MERGED from [com.android.support:swiperefreshlayout:28.0.0] AndroidManifest.xml:17:1-22:12
MERGED from [com.android.support:asynclayoutinflater:28.0.0] AndroidManifest.xml:17:1-22:12
MERGED from [com.android.support:support-compat:28.0.0] AndroidManifest.xml:17:1-24:12
MERGED from [com.android.support:versionedparcelable:28.0.0] AndroidManifest.xml:17:1-25:12
MERGED from [com.android.support:cursoradapter:28.0.0] AndroidManifest.xml:17:1-22:12
MERGED from [android.arch.lifecycle:runtime:1.1.1] AndroidManifest.xml:17:1-22:12
MERGED from [com.android.support:documentfile:28.0.0] AndroidManifest.xml:17:1-22:12
MERGED from [com.android.support:localbroadcastmanager:28.0.0] AndroidManifest.xml:17:1-22:12
MERGED from [com.android.support:print:28.0.0] AndroidManifest.xml:17:1-22:12
MERGED from [android.arch.lifecycle:viewmodel:1.1.1] AndroidManifest.xml:17:1-22:12
MERGED from [com.android.support:interpolator:28.0.0] AndroidManifest.xml:17:1-22:12
MERGED from [android.arch.lifecycle:livedata:1.1.1] AndroidManifest.xml:17:1-22:12
MERGED from [android.arch.lifecycle:livedata-core:1.1.1] AndroidManifest.xml:17:1-22:12
MERGED from [android.arch.core:runtime:1.1.1] AndroidManifest.xml:17:1-22:12
MERGED from [com.facebook.fresco:fresco:1.10.0] AndroidManifest.xml:2:1-9:12
MERGED from [com.facebook.fresco:imagepipeline-okhttp3:1.10.0] AndroidManifest.xml:2:1-9:12
MERGED from [com.facebook.fresco:drawee:1.10.0] AndroidManifest.xml:2:1-9:12
MERGED from [com.facebook.fresco:imagepipeline:1.10.0] AndroidManifest.xml:2:1-9:12
MERGED from [com.facebook.fresco:imagepipeline-base:1.10.0] AndroidManifest.xml:2:1-9:12
MERGED from [com.facebook.soloader:soloader:0.6.0] AndroidManifest.xml:2:1-13:12
MERGED from [com.facebook.fresco:fbcore:1.10.0] AndroidManifest.xml:2:1-9:12
INJECTED from src\main\AndroidManifest.xml:1:1-75:12
INJECTED from src\main\AndroidManifest.xml:1:1-75:12
INJECTED from src\main\AndroidManifest.xml:1:1-75:12
	package
		ADDED from src\main\AndroidManifest.xml:2:5-27
		INJECTED from src\main\AndroidManifest.xml
		INJECTED from src\main\AndroidManifest.xml
	android:versionName
		INJECTED from src\main\AndroidManifest.xml
		ADDED from src\main\AndroidManifest.xml:1:1-75:12
		INJECTED from src\main\AndroidManifest.xml
	android:versionCode
		INJECTED from src\main\AndroidManifest.xml
		ADDED from src\main\AndroidManifest.xml:1:1-75:12
		INJECTED from src\main\AndroidManifest.xml
	xmlns:android
		ADDED from src\main\AndroidManifest.xml:1:11-69
uses-permission#android.permission.INTERNET
ADDED from src\main\AndroidManifest.xml:4:5-67
MERGED from [:jpush-react-native] AndroidManifest.xml:18:5-67
MERGED from [:jpush-react-native] AndroidManifest.xml:18:5-67
MERGED from [:react-native-maps] AndroidManifest.xml:9:5-67
MERGED from [:react-native-maps] AndroidManifest.xml:9:5-67
MERGED from [com.google.android.gms:play-services-maps:10.2.4] AndroidManifest.xml:20:5-66
MERGED from [com.google.android.gms:play-services-maps:10.2.4] AndroidManifest.xml:20:5-66
	android:name
		ADDED from src\main\AndroidManifest.xml:4:22-64
uses-permission#android.permission.SYSTEM_ALERT_WINDOW
ADDED from src\main\AndroidManifest.xml:5:5-77
MERGED from [:jpush-react-native] AndroidManifest.xml:28:5-78
MERGED from [:jpush-react-native] AndroidManifest.xml:28:5-78
	android:name
		ADDED from src\main\AndroidManifest.xml:5:22-75
uses-permission#android.permission.ACCESS_FINE_LOCATION
ADDED from src\main\AndroidManifest.xml:8:4-78
MERGED from [:jpush-react-native] AndroidManifest.xml:31:5-79
MERGED from [:jpush-react-native] AndroidManifest.xml:31:5-79
	android:name
		ADDED from src\main\AndroidManifest.xml:8:21-75
uses-permission#android.permission.ACCESS_COARSE_LOCATION
ADDED from src\main\AndroidManifest.xml:10:4-79
MERGED from [:jpush-react-native] AndroidManifest.xml:29:5-81
MERGED from [:jpush-react-native] AndroidManifest.xml:29:5-81
MERGED from [:react-native-maps] AndroidManifest.xml:10:5-81
MERGED from [:react-native-maps] AndroidManifest.xml:10:5-81
	android:name
		ADDED from src\main\AndroidManifest.xml:10:21-77
uses-permission#android.permission.READ_EXTERNAL_STORAGE
ADDED from src\main\AndroidManifest.xml:13:4-78
MERGED from [:jpush-react-native] AndroidManifest.xml:21:5-80
MERGED from [:jpush-react-native] AndroidManifest.xml:21:5-80
	android:name
		ADDED from src\main\AndroidManifest.xml:13:21-76
uses-permission#android.permission.READ_PHONE_STATE
ADDED from src\main\AndroidManifest.xml:16:5-74
MERGED from [:jpush-react-native] AndroidManifest.xml:19:5-75
MERGED from [:jpush-react-native] AndroidManifest.xml:19:5-75
	android:name
		ADDED from src\main\AndroidManifest.xml:16:22-72
uses-permission#android.permission.WRITE_EXTERNAL_STORAGE
ADDED from src\main\AndroidManifest.xml:17:5-80
MERGED from [:jpush-react-native] AndroidManifest.xml:20:5-81
MERGED from [:jpush-react-native] AndroidManifest.xml:20:5-81
	android:name
		ADDED from src\main\AndroidManifest.xml:17:22-78
uses-permission#android.permission.ACCESS_NETWORK_STATE
ADDED from src\main\AndroidManifest.xml:20:5-79
MERGED from [:jpush-react-native] AndroidManifest.xml:23:5-79
MERGED from [:jpush-react-native] AndroidManifest.xml:23:5-79
MERGED from [com.google.android.gms:play-services-maps:10.2.4] AndroidManifest.xml:19:5-78
MERGED from [com.google.android.gms:play-services-maps:10.2.4] AndroidManifest.xml:19:5-78
	android:name
		ADDED from src\main\AndroidManifest.xml:20:22-76
uses-permission#android.permission.ACCESS_WIFI_STATE
ADDED from src\main\AndroidManifest.xml:21:5-76
MERGED from [:jpush-react-native] AndroidManifest.xml:24:5-76
MERGED from [:jpush-react-native] AndroidManifest.xml:24:5-76
	android:name
		ADDED from src\main\AndroidManifest.xml:21:22-73
application
ADDED from src\main\AndroidManifest.xml:23:5-73:19
MERGED from [:jpush-react-native] AndroidManifest.xml:37:5-86:19
MERGED from [:jpush-react-native] AndroidManifest.xml:37:5-86:19
MERGED from [:jcore-react-native] AndroidManifest.xml:11:5-58:19
MERGED from [:jcore-react-native] AndroidManifest.xml:11:5-58:19
MERGED from [com.facebook.react:react-native:0.59.5] AndroidManifest.xml:11:5-20
MERGED from [com.facebook.react:react-native:0.59.5] AndroidManifest.xml:11:5-20
MERGED from [com.google.android.gms:play-services-maps:10.2.4] AndroidManifest.xml:24:5-19
MERGED from [com.google.android.gms:play-services-maps:10.2.4] AndroidManifest.xml:24:5-19
MERGED from [com.google.android.gms:play-services-base:10.2.4] AndroidManifest.xml:18:5-20:19
MERGED from [com.google.android.gms:play-services-base:10.2.4] AndroidManifest.xml:18:5-20:19
MERGED from [com.google.android.gms:play-services-tasks:10.2.4] AndroidManifest.xml:4:5-19
MERGED from [com.google.android.gms:play-services-tasks:10.2.4] AndroidManifest.xml:4:5-19
MERGED from [com.google.android.gms:play-services-basement:10.2.4] AndroidManifest.xml:19:5-21:19
MERGED from [com.google.android.gms:play-services-basement:10.2.4] AndroidManifest.xml:19:5-21:19
MERGED from [com.android.support:support-compat:28.0.0] AndroidManifest.xml:22:5-94
MERGED from [com.android.support:support-compat:28.0.0] AndroidManifest.xml:22:5-94
MERGED from [com.android.support:versionedparcelable:28.0.0] AndroidManifest.xml:22:5-23:19
MERGED from [com.android.support:versionedparcelable:28.0.0] AndroidManifest.xml:22:5-23:19
MERGED from [com.facebook.soloader:soloader:0.6.0] AndroidManifest.xml:11:5-20
MERGED from [com.facebook.soloader:soloader:0.6.0] AndroidManifest.xml:11:5-20
	android:appComponentFactory
		ADDED from [com.android.support:support-compat:28.0.0] AndroidManifest.xml:22:18-91
	android:label
		ADDED from src\main\AndroidManifest.xml:25:7-39
	android:icon
		ADDED from src\main\AndroidManifest.xml:26:7-41
	android:allowBackup
		ADDED from src\main\AndroidManifest.xml:27:7-34
	android:theme
		ADDED from src\main\AndroidManifest.xml:28:7-38
	android:name
		ADDED from src\main\AndroidManifest.xml:24:7-38
uses-library#org.apache.http.legacy
ADDED from src\main\AndroidManifest.xml:30:6-85
	android:required
		ADDED from src\main\AndroidManifest.xml:30:58-82
	android:name
		ADDED from src\main\AndroidManifest.xml:30:20-57
meta-data#com.google.android.geo.API_KEY
ADDED from src\main\AndroidManifest.xml:31:6-120
	android:value
		ADDED from src\main\AndroidManifest.xml:31:63-118
	android:name
		ADDED from src\main\AndroidManifest.xml:31:17-62
activity#com.news_pro.MainActivity
ADDED from src\main\AndroidManifest.xml:61:7-70:18
	android:label
		ADDED from src\main\AndroidManifest.xml:63:9-41
	android:windowSoftInputMode
		ADDED from src\main\AndroidManifest.xml:65:9-51
	android:configChanges
		ADDED from src\main\AndroidManifest.xml:64:9-79
	android:name
		ADDED from src\main\AndroidManifest.xml:62:9-37
intent-filter#action:name:android.intent.action.MAIN+category:name:android.intent.category.LAUNCHER
ADDED from src\main\AndroidManifest.xml:66:9-69:25
action#android.intent.action.MAIN
ADDED from src\main\AndroidManifest.xml:67:13-65
	android:name
		ADDED from src\main\AndroidManifest.xml:67:21-62
category#android.intent.category.LAUNCHER
ADDED from src\main\AndroidManifest.xml:68:13-73
	android:name
		ADDED from src\main\AndroidManifest.xml:68:23-70
activity#com.facebook.react.devsupport.DevSettingsActivity
ADDED from src\main\AndroidManifest.xml:72:7-84
	android:name
		ADDED from src\main\AndroidManifest.xml:72:17-81
uses-sdk
INJECTED from src\main\AndroidManifest.xml reason: use-sdk injection requested
INJECTED from src\main\AndroidManifest.xml
INJECTED from src\main\AndroidManifest.xml
MERGED from [:jpush-react-native] AndroidManifest.xml:7:5-9:41
MERGED from [:jpush-react-native] AndroidManifest.xml:7:5-9:41
MERGED from [:jcore-react-native] AndroidManifest.xml:7:5-9:41
MERGED from [:jcore-react-native] AndroidManifest.xml:7:5-9:41
MERGED from [:react-native-maps] AndroidManifest.xml:5:5-7:41
MERGED from [:react-native-maps] AndroidManifest.xml:5:5-7:41
MERGED from [com.facebook.react:react-native:0.59.5] AndroidManifest.xml:7:5-9:41
MERGED from [com.facebook.react:react-native:0.59.5] AndroidManifest.xml:7:5-9:41
MERGED from [com.android.support:appcompat-v7:28.0.0] AndroidManifest.xml:20:5-44
MERGED from [com.android.support:appcompat-v7:28.0.0] AndroidManifest.xml:20:5-44
MERGED from [com.google.android.gms:play-services-maps:10.2.4] AndroidManifest.xml:23:5-43
MERGED from [com.google.android.gms:play-services-maps:10.2.4] AndroidManifest.xml:23:5-43
MERGED from [com.google.android.gms:play-services-base:10.2.4] AndroidManifest.xml:17:5-43
MERGED from [com.google.android.gms:play-services-base:10.2.4] AndroidManifest.xml:17:5-43
MERGED from [com.google.android.gms:play-services-tasks:10.2.4] AndroidManifest.xml:3:5-43
MERGED from [com.google.android.gms:play-services-tasks:10.2.4] AndroidManifest.xml:3:5-43
MERGED from [com.google.android.gms:play-services-basement:10.2.4] AndroidManifest.xml:17:5-43
MERGED from [com.google.android.gms:play-services-basement:10.2.4] AndroidManifest.xml:17:5-43
MERGED from [com.android.support:support-v4:28.0.0] AndroidManifest.xml:20:5-44
MERGED from [com.android.support:support-v4:28.0.0] AndroidManifest.xml:20:5-44
MERGED from [com.android.support:support-fragment:28.0.0] AndroidManifest.xml:20:5-44
MERGED from [com.android.support:support-fragment:28.0.0] AndroidManifest.xml:20:5-44
MERGED from [com.android.support:animated-vector-drawable:28.0.0] AndroidManifest.xml:20:5-44
MERGED from [com.android.support:animated-vector-drawable:28.0.0] AndroidManifest.xml:20:5-44
MERGED from [com.android.support:support-core-ui:28.0.0] AndroidManifest.xml:20:5-44
MERGED from [com.android.support:support-core-ui:28.0.0] AndroidManifest.xml:20:5-44
MERGED from [com.android.support:support-core-utils:28.0.0] AndroidManifest.xml:20:5-44
MERGED from [com.android.support:support-core-utils:28.0.0] AndroidManifest.xml:20:5-44
MERGED from [com.android.support:support-vector-drawable:28.0.0] AndroidManifest.xml:20:5-44
MERGED from [com.android.support:support-vector-drawable:28.0.0] AndroidManifest.xml:20:5-44
MERGED from [com.android.support:support-media-compat:28.0.0] AndroidManifest.xml:20:5-44
MERGED from [com.android.support:support-media-compat:28.0.0] AndroidManifest.xml:20:5-44
MERGED from [com.android.support:loader:28.0.0] AndroidManifest.xml:20:5-44
MERGED from [com.android.support:loader:28.0.0] AndroidManifest.xml:20:5-44
MERGED from [com.android.support:viewpager:28.0.0] AndroidManifest.xml:20:5-44
MERGED from [com.android.support:viewpager:28.0.0] AndroidManifest.xml:20:5-44
MERGED from [com.android.support:coordinatorlayout:28.0.0] AndroidManifest.xml:20:5-44
MERGED from [com.android.support:coordinatorlayout:28.0.0] AndroidManifest.xml:20:5-44
MERGED from [com.android.support:drawerlayout:28.0.0] AndroidManifest.xml:20:5-44
MERGED from [com.android.support:drawerlayout:28.0.0] AndroidManifest.xml:20:5-44
MERGED from [com.android.support:slidingpanelayout:28.0.0] AndroidManifest.xml:20:5-44
MERGED from [com.android.support:slidingpanelayout:28.0.0] AndroidManifest.xml:20:5-44
MERGED from [com.android.support:customview:28.0.0] AndroidManifest.xml:20:5-44
MERGED from [com.android.support:customview:28.0.0] AndroidManifest.xml:20:5-44
MERGED from [com.android.support:swiperefreshlayout:28.0.0] AndroidManifest.xml:20:5-44
MERGED from [com.android.support:swiperefreshlayout:28.0.0] AndroidManifest.xml:20:5-44
MERGED from [com.android.support:asynclayoutinflater:28.0.0] AndroidManifest.xml:20:5-44
MERGED from [com.android.support:asynclayoutinflater:28.0.0] AndroidManifest.xml:20:5-44
MERGED from [com.android.support:support-compat:28.0.0] AndroidManifest.xml:20:5-44
MERGED from [com.android.support:support-compat:28.0.0] AndroidManifest.xml:20:5-44
MERGED from [com.android.support:versionedparcelable:28.0.0] AndroidManifest.xml:20:5-44
MERGED from [com.android.support:versionedparcelable:28.0.0] AndroidManifest.xml:20:5-44
MERGED from [com.android.support:cursoradapter:28.0.0] AndroidManifest.xml:20:5-44
MERGED from [com.android.support:cursoradapter:28.0.0] AndroidManifest.xml:20:5-44
MERGED from [android.arch.lifecycle:runtime:1.1.1] AndroidManifest.xml:20:5-44
MERGED from [android.arch.lifecycle:runtime:1.1.1] AndroidManifest.xml:20:5-44
MERGED from [com.android.support:documentfile:28.0.0] AndroidManifest.xml:20:5-44
MERGED from [com.android.support:documentfile:28.0.0] AndroidManifest.xml:20:5-44
MERGED from [com.android.support:localbroadcastmanager:28.0.0] AndroidManifest.xml:20:5-44
MERGED from [com.android.support:localbroadcastmanager:28.0.0] AndroidManifest.xml:20:5-44
MERGED from [com.android.support:print:28.0.0] AndroidManifest.xml:20:5-44
MERGED from [com.android.support:print:28.0.0] AndroidManifest.xml:20:5-44
MERGED from [android.arch.lifecycle:viewmodel:1.1.1] AndroidManifest.xml:20:5-44
MERGED from [android.arch.lifecycle:viewmodel:1.1.1] AndroidManifest.xml:20:5-44
MERGED from [com.android.support:interpolator:28.0.0] AndroidManifest.xml:20:5-44
MERGED from [com.android.support:interpolator:28.0.0] AndroidManifest.xml:20:5-44
MERGED from [android.arch.lifecycle:livedata:1.1.1] AndroidManifest.xml:20:5-44
MERGED from [android.arch.lifecycle:livedata:1.1.1] AndroidManifest.xml:20:5-44
MERGED from [android.arch.lifecycle:livedata-core:1.1.1] AndroidManifest.xml:20:5-44
MERGED from [android.arch.lifecycle:livedata-core:1.1.1] AndroidManifest.xml:20:5-44
MERGED from [android.arch.core:runtime:1.1.1] AndroidManifest.xml:20:5-44
MERGED from [android.arch.core:runtime:1.1.1] AndroidManifest.xml:20:5-44
MERGED from [com.facebook.fresco:fresco:1.10.0] AndroidManifest.xml:5:5-7:41
MERGED from [com.facebook.fresco:fresco:1.10.0] AndroidManifest.xml:5:5-7:41
MERGED from [com.facebook.fresco:imagepipeline-okhttp3:1.10.0] AndroidManifest.xml:5:5-7:41
MERGED from [com.facebook.fresco:imagepipeline-okhttp3:1.10.0] AndroidManifest.xml:5:5-7:41
MERGED from [com.facebook.fresco:drawee:1.10.0] AndroidManifest.xml:5:5-7:41
MERGED from [com.facebook.fresco:drawee:1.10.0] AndroidManifest.xml:5:5-7:41
MERGED from [com.facebook.fresco:imagepipeline:1.10.0] AndroidManifest.xml:5:5-7:41
MERGED from [com.facebook.fresco:imagepipeline:1.10.0] AndroidManifest.xml:5:5-7:41
MERGED from [com.facebook.fresco:imagepipeline-base:1.10.0] AndroidManifest.xml:5:5-7:41
MERGED from [com.facebook.fresco:imagepipeline-base:1.10.0] AndroidManifest.xml:5:5-7:41
MERGED from [com.facebook.soloader:soloader:0.6.0] AndroidManifest.xml:7:5-9:41
MERGED from [com.facebook.soloader:soloader:0.6.0] AndroidManifest.xml:7:5-9:41
MERGED from [com.facebook.fresco:fbcore:1.10.0] AndroidManifest.xml:5:5-7:41
MERGED from [com.facebook.fresco:fbcore:1.10.0] AndroidManifest.xml:5:5-7:41
INJECTED from src\main\AndroidManifest.xml
INJECTED from src\main\AndroidManifest.xml
	android:targetSdkVersion
		INJECTED from src\main\AndroidManifest.xml
		ADDED from src\main\AndroidManifest.xml
		INJECTED from src\main\AndroidManifest.xml
	android:minSdkVersion
		INJECTED from src\main\AndroidManifest.xml
		ADDED from src\main\AndroidManifest.xml
		INJECTED from src\main\AndroidManifest.xml
permission#${applicationId}.permission.JPUSH_MESSAGE
ADDED from [:jpush-react-native] AndroidManifest.xml:11:5-13:47
	android:protectionLevel
		ADDED from [:jpush-react-native] AndroidManifest.xml:13:9-44
	android:name
		ADDED from [:jpush-react-native] AndroidManifest.xml:12:9-65
permission#com.news_pro.permission.JPUSH_MESSAGE
ADDED from [:jpush-react-native] AndroidManifest.xml:11:5-13:47
	android:protectionLevel
		ADDED from [:jpush-react-native] AndroidManifest.xml:13:9-44
	android:name
		ADDED from [:jpush-react-native] AndroidManifest.xml:12:9-65
uses-permission#${applicationId}.permission.JPUSH_MESSAGE
ADDED from [:jpush-react-native] AndroidManifest.xml:16:5-81
	android:name
		ADDED from [:jpush-react-native] AndroidManifest.xml:16:22-78
uses-permission#com.news_pro.permission.JPUSH_MESSAGE
ADDED from [:jpush-react-native] AndroidManifest.xml:16:5-81
	android:name
		ADDED from [:jpush-react-native] AndroidManifest.xml:16:22-78
uses-permission#android.permission.RECEIVE_USER_PRESENT
ADDED from [:jpush-react-native] AndroidManifest.xml:17:5-79
	android:name
		ADDED from [:jpush-react-native] AndroidManifest.xml:17:22-76
uses-permission#android.permission.MOUNT_UNMOUNT_FILESYSTEMS
ADDED from [:jpush-react-native] AndroidManifest.xml:22:5-84
	android:name
		ADDED from [:jpush-react-native] AndroidManifest.xml:22:22-81
uses-permission#android.permission.ACCESS_BACKGROUND_LOCATION
ADDED from [:jpush-react-native] AndroidManifest.xml:27:5-85
	android:name
		ADDED from [:jpush-react-native] AndroidManifest.xml:27:22-82
uses-permission#android.permission.CHANGE_WIFI_STATE
ADDED from [:jpush-react-native] AndroidManifest.xml:30:5-76
	android:name
		ADDED from [:jpush-react-native] AndroidManifest.xml:30:22-73
uses-permission#android.permission.ACCESS_LOCATION_EXTRA_COMMANDS
ADDED from [:jpush-react-native] AndroidManifest.xml:32:5-89
	android:name
		ADDED from [:jpush-react-native] AndroidManifest.xml:32:22-86
uses-permission#android.permission.CHANGE_NETWORK_STATE
ADDED from [:jpush-react-native] AndroidManifest.xml:33:5-79
	android:name
		ADDED from [:jpush-react-native] AndroidManifest.xml:33:22-76
uses-permission#android.permission.GET_TASKS
ADDED from [:jpush-react-native] AndroidManifest.xml:34:5-68
	android:name
		ADDED from [:jpush-react-native] AndroidManifest.xml:34:22-65
uses-permission#android.permission.VIBRATE
ADDED from [:jpush-react-native] AndroidManifest.xml:35:5-66
	android:name
		ADDED from [:jpush-react-native] AndroidManifest.xml:35:22-63
activity#cn.jpush.android.ui.PopWinActivity
ADDED from [:jpush-react-native] AndroidManifest.xml:38:9-41:52
	android:exported
		ADDED from [:jpush-react-native] AndroidManifest.xml:40:13-37
	android:theme
		ADDED from [:jpush-react-native] AndroidManifest.xml:41:13-49
	android:name
		ADDED from [:jpush-react-native] AndroidManifest.xml:39:13-62
activity#cn.jpush.android.ui.PushActivity
ADDED from [:jpush-react-native] AndroidManifest.xml:42:9-53:20
	android:exported
		ADDED from [:jpush-react-native] AndroidManifest.xml:45:13-37
	android:configChanges
		ADDED from [:jpush-react-native] AndroidManifest.xml:44:13-63
	android:theme
		ADDED from [:jpush-react-native] AndroidManifest.xml:46:13-60
	android:name
		ADDED from [:jpush-react-native] AndroidManifest.xml:43:13-60
intent-filter#action:name:cn.jpush.android.ui.PushActivity+category:name:${applicationId}+category:name:android.intent.category.DEFAULT
ADDED from [:jpush-react-native] AndroidManifest.xml:47:13-52:29
intent-filter#action:name:cn.jpush.android.ui.PushActivity+category:name:android.intent.category.DEFAULT+category:name:com.news_pro
ADDED from [:jpush-react-native] AndroidManifest.xml:47:13-52:29
action#cn.jpush.android.ui.PushActivity
ADDED from [:jpush-react-native] AndroidManifest.xml:48:17-75
	android:name
		ADDED from [:jpush-react-native] AndroidManifest.xml:48:25-72
category#android.intent.category.DEFAULT
ADDED from [:jpush-react-native] AndroidManifest.xml:50:17-76
	android:name
		ADDED from [:jpush-react-native] AndroidManifest.xml:50:27-73
category#${applicationId}
ADDED from [:jpush-react-native] AndroidManifest.xml:51:17-61
	android:name
		ADDED from [:jpush-react-native] AndroidManifest.xml:51:27-58
category#com.news_pro
ADDED from [:jpush-react-native] AndroidManifest.xml:51:17-61
	android:name
		ADDED from [:jpush-react-native] AndroidManifest.xml:51:27-58
activity#cn.jpush.android.service.JNotifyActivity
ADDED from [:jpush-react-native] AndroidManifest.xml:54:9-64:20
	android:exported
		ADDED from [:jpush-react-native] AndroidManifest.xml:56:13-37
	android:theme
		ADDED from [:jpush-react-native] AndroidManifest.xml:58:13-72
	android:taskAffinity
		ADDED from [:jpush-react-native] AndroidManifest.xml:57:13-48
	android:name
		ADDED from [:jpush-react-native] AndroidManifest.xml:55:13-68
intent-filter#action:name:cn.jpush.android.intent.JNotifyActivity+category:name:${applicationId}
ADDED from [:jpush-react-native] AndroidManifest.xml:59:13-63:29
intent-filter#action:name:cn.jpush.android.intent.JNotifyActivity+category:name:com.news_pro
ADDED from [:jpush-react-native] AndroidManifest.xml:59:13-63:29
action#cn.jpush.android.intent.JNotifyActivity
ADDED from [:jpush-react-native] AndroidManifest.xml:60:17-82
	android:name
		ADDED from [:jpush-react-native] AndroidManifest.xml:60:25-79
receiver#cn.jiguang.plugins.push.receiver.JPushModuleReceiver
ADDED from [:jpush-react-native] AndroidManifest.xml:66:9-75:20
	android:enabled
		ADDED from [:jpush-react-native] AndroidManifest.xml:68:13-35
	android:exported
		ADDED from [:jpush-react-native] AndroidManifest.xml:69:13-37
	android:name
		ADDED from [:jpush-react-native] AndroidManifest.xml:67:13-80
intent-filter#action:name:cn.jpush.android.intent.RECEIVE_MESSAGE+category:name:${applicationId}
ADDED from [:jpush-react-native] AndroidManifest.xml:70:13-74:29
intent-filter#action:name:cn.jpush.android.intent.RECEIVE_MESSAGE+category:name:com.news_pro
ADDED from [:jpush-react-native] AndroidManifest.xml:70:13-74:29
action#cn.jpush.android.intent.RECEIVE_MESSAGE
ADDED from [:jpush-react-native] AndroidManifest.xml:71:17-82
	android:name
		ADDED from [:jpush-react-native] AndroidManifest.xml:71:25-79
receiver#cn.jiguang.plugins.push.receiver.JPushBroadcastReceiver
ADDED from [:jpush-react-native] AndroidManifest.xml:76:9-85:20
	android:enabled
		ADDED from [:jpush-react-native] AndroidManifest.xml:78:13-35
	android:exported
		ADDED from [:jpush-react-native] AndroidManifest.xml:79:13-37
	android:name
		ADDED from [:jpush-react-native] AndroidManifest.xml:77:13-83
intent-filter#action:name:cn.jpush.android.intent.NOTIFICATION_OPENED+category:name:${applicationId}
ADDED from [:jpush-react-native] AndroidManifest.xml:80:13-84:29
intent-filter#action:name:cn.jpush.android.intent.NOTIFICATION_OPENED+category:name:com.news_pro
ADDED from [:jpush-react-native] AndroidManifest.xml:80:13-84:29
action#cn.jpush.android.intent.NOTIFICATION_OPENED
ADDED from [:jpush-react-native] AndroidManifest.xml:81:17-86
	android:name
		ADDED from [:jpush-react-native] AndroidManifest.xml:81:25-83
receiver#cn.jpush.android.service.AlarmReceiver
ADDED from [:jcore-react-native] AndroidManifest.xml:19:9-21:40
	android:exported
		ADDED from [:jcore-react-native] AndroidManifest.xml:21:13-37
	android:name
		ADDED from [:jcore-react-native] AndroidManifest.xml:20:13-66
receiver#cn.jpush.android.service.PushReceiver
ADDED from [:jcore-react-native] AndroidManifest.xml:22:9-41:20
	android:enabled
		ADDED from [:jcore-react-native] AndroidManifest.xml:24:13-35
	android:exported
		ADDED from [:jcore-react-native] AndroidManifest.xml:25:13-37
	android:name
		ADDED from [:jcore-react-native] AndroidManifest.xml:23:13-65
intent-filter#action:name:cn.jpush.android.intent.NOTIFICATION_RECEIVED_PROXY+category:name:${applicationId}
ADDED from [:jcore-react-native] AndroidManifest.xml:26:13-30:29
	android:priority
		ADDED from [:jcore-react-native] AndroidManifest.xml:26:28-51
intent-filter#action:name:cn.jpush.android.intent.NOTIFICATION_RECEIVED_PROXY+category:name:com.news_pro
ADDED from [:jcore-react-native] AndroidManifest.xml:26:13-30:29
	android:priority
		ADDED from [:jcore-react-native] AndroidManifest.xml:26:28-51
action#cn.jpush.android.intent.NOTIFICATION_RECEIVED_PROXY
ADDED from [:jcore-react-native] AndroidManifest.xml:27:17-94
	android:name
		ADDED from [:jcore-react-native] AndroidManifest.xml:27:25-91
intent-filter#action:name:android.intent.action.USER_PRESENT+action:name:android.net.conn.CONNECTIVITY_CHANGE
ADDED from [:jcore-react-native] AndroidManifest.xml:31:13-34:29
action#android.intent.action.USER_PRESENT
ADDED from [:jcore-react-native] AndroidManifest.xml:32:17-77
	android:name
		ADDED from [:jcore-react-native] AndroidManifest.xml:32:25-74
action#android.net.conn.CONNECTIVITY_CHANGE
ADDED from [:jcore-react-native] AndroidManifest.xml:33:17-79
	android:name
		ADDED from [:jcore-react-native] AndroidManifest.xml:33:25-76
intent-filter#action:name:android.intent.action.PACKAGE_ADDED+action:name:android.intent.action.PACKAGE_REMOVED+data:scheme:package
ADDED from [:jcore-react-native] AndroidManifest.xml:35:13-40:29
action#android.intent.action.PACKAGE_ADDED
ADDED from [:jcore-react-native] AndroidManifest.xml:36:17-78
	android:name
		ADDED from [:jcore-react-native] AndroidManifest.xml:36:25-75
action#android.intent.action.PACKAGE_REMOVED
ADDED from [:jcore-react-native] AndroidManifest.xml:37:17-80
	android:name
		ADDED from [:jcore-react-native] AndroidManifest.xml:37:25-77
data
ADDED from [:jcore-react-native] AndroidManifest.xml:39:17-50
	android:scheme
		ADDED from [:jcore-react-native] AndroidManifest.xml:39:23-47
service#cn.jpush.android.service.PushService
ADDED from [:jcore-react-native] AndroidManifest.xml:43:9-52:19
	android:exported
		ADDED from [:jcore-react-native] AndroidManifest.xml:45:13-37
	android:name
		ADDED from [:jcore-react-native] AndroidManifest.xml:44:13-64
intent-filter#action:name:cn.jpush.android.intent.PUSH_TIME+action:name:cn.jpush.android.intent.PushService+action:name:cn.jpush.android.intent.REGISTER+action:name:cn.jpush.android.intent.REPORT
ADDED from [:jcore-react-native] AndroidManifest.xml:46:13-51:29
action#cn.jpush.android.intent.REGISTER
ADDED from [:jcore-react-native] AndroidManifest.xml:47:17-75
	android:name